++ hostname
++ pwd
+ echo '[task 12] host=str-gpu5.charlotte.edu pwd=/users/rdas6/NetworkingProject'
[task 12] host=str-gpu5.charlotte.edu pwd=/users/rdas6/NetworkingProject
+ module load gcc python
+ local _mlredir=1
+ '[' -n '' ']'
+ case " $@ " in
+ '[' 1 -eq 0 ']'
+ _module_raw load gcc python
++ /usr/bin/tclsh /usr/share/Modules/libexec/modulecmd.tcl bash load gcc python
Loading python/3.12.3
  Loading requirement: miniforge/25.9
+ eval 'LD_LIBRARY_PATH=/apps/pkg/gcc/13.2.0/lib64:/apps/pkg/gcc/13.2.0/lib:/usr/lib64/slurm:; export LD_LIBRARY_PATH;
MANPATH=/apps/pkg/gcc/13.2.0/share/man:/usr/share/man:; export MANPATH;
_LMFILES_=/apps/usr/modules/dev/gcc/13.2.0:/apps/usr/modules/dev/miniforge/25.9:/apps/usr/modules/dev/python/3.12.3; export _LMFILES_;
LOADEDMODULES=gcc/13.2.0:miniforge/25.9:python/3.12.3; export LOADEDMODULES;
__MODULES_LMTAG=miniforge/25.9\&auto-loaded; export __MODULES_LMTAG;
CXX=g++; export CXX;
CONDA_HOME=/apps/pkg/miniforge/25.3; export CONDA_HOME;
GCC=/apps/pkg/gcc/13.2.0; export GCC;
__MODULES_LMPREREQ=python/3.12.3\&miniforge/25.9; export __MODULES_LMPREREQ;
CPLUS_INCLUDE_PATH=/apps/pkg/gcc/13.2.0/include; export CPLUS_INCLUDE_PATH;
F90=gfortran; export F90;
__MODULES_SHARE_LD_LIBRARY_PATH=:1; export __MODULES_SHARE_LD_LIBRARY_PATH;
__MODULES_LMALTNAME=gcc/13.2.0\&gcc/default\&gcc\&as\|gcc/latest:miniforge/25.9\&as\|miniforge/latest:python/3.12.3\&python/default\&python\&as\|python/latest; export __MODULES_LMALTNAME;
__MODULES_LMCONFLICT=gcc/13.2.0\&gcc:miniforge/25.9\&anaconda3\&miniforge:python/3.12.3\&python; export __MODULES_LMCONFLICT;
__MODULES_SHARE_MANPATH=:1; export __MODULES_SHARE_MANPATH;
FC=gfortran; export FC;
F77=gfortran; export F77;
PATH=/apps/pkg/miniforge/25.3/condabin:/apps/pkg/gcc/13.2.0/bin:/users/rdas6/.local/bin:/users/rdas6/bin:/usr/share/Modules/bin:/usr/local/bin:/usr/bin:/usr/local/sbin:/usr/sbin:/opt/dell/srvadmin/sbin; export PATH;
__MODULES_LMREFRESH=miniforge/25.9:python/3.12.3; export __MODULES_LMREFRESH;
CC=gcc; export CC;
ulimit -n 32768 >/dev/null 2>&1;
source /apps/pkg/miniforge/25.3/conda_init.sh;
mamba activate base;
mamba deactivate;
mamba activate python-3.12.3;
test 0;'
++ LD_LIBRARY_PATH=/apps/pkg/gcc/13.2.0/lib64:/apps/pkg/gcc/13.2.0/lib:/usr/lib64/slurm:
++ export LD_LIBRARY_PATH
++ MANPATH=/apps/pkg/gcc/13.2.0/share/man:/usr/share/man:
++ export MANPATH
++ _LMFILES_=/apps/usr/modules/dev/gcc/13.2.0:/apps/usr/modules/dev/miniforge/25.9:/apps/usr/modules/dev/python/3.12.3
++ export _LMFILES_
++ LOADEDMODULES=gcc/13.2.0:miniforge/25.9:python/3.12.3
++ export LOADEDMODULES
++ __MODULES_LMTAG='miniforge/25.9&auto-loaded'
++ export __MODULES_LMTAG
++ CXX=g++
++ export CXX
++ CONDA_HOME=/apps/pkg/miniforge/25.3
++ export CONDA_HOME
++ GCC=/apps/pkg/gcc/13.2.0
++ export GCC
++ __MODULES_LMPREREQ='python/3.12.3&miniforge/25.9'
++ export __MODULES_LMPREREQ
++ CPLUS_INCLUDE_PATH=/apps/pkg/gcc/13.2.0/include
++ export CPLUS_INCLUDE_PATH
++ F90=gfortran
++ export F90
++ __MODULES_SHARE_LD_LIBRARY_PATH=:1
++ export __MODULES_SHARE_LD_LIBRARY_PATH
++ __MODULES_LMALTNAME='gcc/13.2.0&gcc/default&gcc&as|gcc/latest:miniforge/25.9&as|miniforge/latest:python/3.12.3&python/default&python&as|python/latest'
++ export __MODULES_LMALTNAME
++ __MODULES_LMCONFLICT='gcc/13.2.0&gcc:miniforge/25.9&anaconda3&miniforge:python/3.12.3&python'
++ export __MODULES_LMCONFLICT
++ __MODULES_SHARE_MANPATH=:1
++ export __MODULES_SHARE_MANPATH
++ FC=gfortran
++ export FC
++ F77=gfortran
++ export F77
++ PATH=/apps/pkg/miniforge/25.3/condabin:/apps/pkg/gcc/13.2.0/bin:/users/rdas6/.local/bin:/users/rdas6/bin:/usr/share/Modules/bin:/usr/local/bin:/usr/bin:/usr/local/sbin:/usr/sbin:/opt/dell/srvadmin/sbin
++ export PATH
++ __MODULES_LMREFRESH=miniforge/25.9:python/3.12.3
++ export __MODULES_LMREFRESH
++ CC=gcc
++ export CC
++ ulimit -n 32768
++ source /apps/pkg/miniforge/25.3/conda_init.sh
++++ /apps/pkg/miniforge/25.3/bin/conda shell.bash hook
+++ __conda_setup='export CONDA_EXE='\''/apps/pkg/miniforge/25.3/bin/conda'\''
export _CONDA_EXE='\''/apps/pkg/miniforge/25.3/bin/conda'\''
export _CE_M='\'''\''
export _CE_CONDA='\'''\''
export CONDA_PYTHON_EXE='\''/apps/pkg/miniforge/25.3/bin/python'\''
export _CONDA_ROOT='\''/apps/pkg/miniforge/25.3'\''

# Copyright (C) 2012 Anaconda, Inc
# SPDX-License-Identifier: BSD-3-Clause
__conda_exe() (
    if [ -n "${_CE_M:+x}" ] && [ -n "${_CE_CONDA:+x}" ]; then
        # only use _CE_M/_CE_CONDA when defined to avoid issues when run with `set -u`
        "$CONDA_EXE" $_CE_M $_CE_CONDA "$@"
    else
        "$CONDA_EXE" "$@"
    fi
)

__conda_hashr() {
    if [ -n "${ZSH_VERSION:+x}" ]; then
        \rehash
    elif [ -n "${POSH_VERSION:+x}" ]; then
        :  # pass
    else
        \hash -r
    fi
}

__conda_activate() {
    if [ -n "${CONDA_PS1_BACKUP:+x}" ]; then
        # Handle transition from shell activated with conda <= 4.3 to a subsequent activation
        # after conda updated to >= 4.4. See issue #6173.
        PS1="$CONDA_PS1_BACKUP"
        \unset CONDA_PS1_BACKUP
    fi
    \local ask_conda
    ask_conda="$(PS1="${PS1:-}" __conda_exe shell.posix "$@")" || \return
    \eval "$ask_conda"
    __conda_hashr
}

__conda_reactivate() {
    # FUTURE: conda 25.9, remove this function
    echo "'\''__conda_reactivate'\'' is deprecated and will be removed in 25.9. Use '\''__conda_activate reactivate'\'' instead." 1>&2
    __conda_activate reactivate
}

conda() {
    \local cmd="${1-__missing__}"
    case "$cmd" in
        activate|deactivate)
            __conda_activate "$@"
            ;;
        install|update|upgrade|remove|uninstall)
            __conda_exe "$@" || \return
            __conda_activate reactivate
            ;;
        *)
            __conda_exe "$@"
            ;;
    esac
}

if [ -z "${CONDA_SHLVL+x}" ]; then
    \export CONDA_SHLVL=0
    # In dev-mode CONDA_EXE is python.exe and on Windows
    # it is in a different relative location to condabin.
    if [ -n "${_CE_CONDA:+x}" ] && [ -n "${WINDIR+x}" ]; then
        PATH="$(\dirname "$CONDA_EXE")/condabin${PATH:+":${PATH}"}"
    else
        PATH="$(\dirname "$(\dirname "$CONDA_EXE")")/condabin${PATH:+":${PATH}"}"
    fi
    \export PATH

    # We'\''re not allowing PS1 to be unbound. It must at least be set.
    # However, we'\''re not exporting it, which can cause problems when starting a second shell
    # via a first shell (i.e. starting zsh from bash).
    if [ -z "${PS1+x}" ]; then
        PS1=
    fi
fi'
+++ '[' 0 -eq 0 ']'
+++ eval 'export CONDA_EXE='\''/apps/pkg/miniforge/25.3/bin/conda'\''
export _CONDA_EXE='\''/apps/pkg/miniforge/25.3/bin/conda'\''
export _CE_M='\'''\''
export _CE_CONDA='\'''\''
export CONDA_PYTHON_EXE='\''/apps/pkg/miniforge/25.3/bin/python'\''
export _CONDA_ROOT='\''/apps/pkg/miniforge/25.3'\''

# Copyright (C) 2012 Anaconda, Inc
# SPDX-License-Identifier: BSD-3-Clause
__conda_exe() (
    if [ -n "${_CE_M:+x}" ] && [ -n "${_CE_CONDA:+x}" ]; then
        # only use _CE_M/_CE_CONDA when defined to avoid issues when run with `set -u`
        "$CONDA_EXE" $_CE_M $_CE_CONDA "$@"
    else
        "$CONDA_EXE" "$@"
    fi
)

__conda_hashr() {
    if [ -n "${ZSH_VERSION:+x}" ]; then
        \rehash
    elif [ -n "${POSH_VERSION:+x}" ]; then
        :  # pass
    else
        \hash -r
    fi
}

__conda_activate() {
    if [ -n "${CONDA_PS1_BACKUP:+x}" ]; then
        # Handle transition from shell activated with conda <= 4.3 to a subsequent activation
        # after conda updated to >= 4.4. See issue #6173.
        PS1="$CONDA_PS1_BACKUP"
        \unset CONDA_PS1_BACKUP
    fi
    \local ask_conda
    ask_conda="$(PS1="${PS1:-}" __conda_exe shell.posix "$@")" || \return
    \eval "$ask_conda"
    __conda_hashr
}

__conda_reactivate() {
    # FUTURE: conda 25.9, remove this function
    echo "'\''__conda_reactivate'\'' is deprecated and will be removed in 25.9. Use '\''__conda_activate reactivate'\'' instead." 1>&2
    __conda_activate reactivate
}

conda() {
    \local cmd="${1-__missing__}"
    case "$cmd" in
        activate|deactivate)
            __conda_activate "$@"
            ;;
        install|update|upgrade|remove|uninstall)
            __conda_exe "$@" || \return
            __conda_activate reactivate
            ;;
        *)
            __conda_exe "$@"
            ;;
    esac
}

if [ -z "${CONDA_SHLVL+x}" ]; then
    \export CONDA_SHLVL=0
    # In dev-mode CONDA_EXE is python.exe and on Windows
    # it is in a different relative location to condabin.
    if [ -n "${_CE_CONDA:+x}" ] && [ -n "${WINDIR+x}" ]; then
        PATH="$(\dirname "$CONDA_EXE")/condabin${PATH:+":${PATH}"}"
    else
        PATH="$(\dirname "$(\dirname "$CONDA_EXE")")/condabin${PATH:+":${PATH}"}"
    fi
    \export PATH

    # We'\''re not allowing PS1 to be unbound. It must at least be set.
    # However, we'\''re not exporting it, which can cause problems when starting a second shell
    # via a first shell (i.e. starting zsh from bash).
    if [ -z "${PS1+x}" ]; then
        PS1=
    fi
fi'
++++ export CONDA_EXE=/apps/pkg/miniforge/25.3/bin/conda
++++ CONDA_EXE=/apps/pkg/miniforge/25.3/bin/conda
++++ export _CONDA_EXE=/apps/pkg/miniforge/25.3/bin/conda
++++ _CONDA_EXE=/apps/pkg/miniforge/25.3/bin/conda
++++ export _CE_M=
++++ _CE_M=
++++ export _CE_CONDA=
++++ _CE_CONDA=
++++ export CONDA_PYTHON_EXE=/apps/pkg/miniforge/25.3/bin/python
++++ CONDA_PYTHON_EXE=/apps/pkg/miniforge/25.3/bin/python
++++ export _CONDA_ROOT=/apps/pkg/miniforge/25.3
++++ _CONDA_ROOT=/apps/pkg/miniforge/25.3
++++ '[' -z '' ']'
++++ export CONDA_SHLVL=0
++++ CONDA_SHLVL=0
++++ '[' -n '' ']'
++++++ dirname /apps/pkg/miniforge/25.3/bin/conda
+++++ dirname /apps/pkg/miniforge/25.3/bin
++++ PATH=/apps/pkg/miniforge/25.3/condabin:/apps/pkg/miniforge/25.3/condabin:/apps/pkg/gcc/13.2.0/bin:/users/rdas6/.local/bin:/users/rdas6/bin:/usr/share/Modules/bin:/usr/local/bin:/usr/bin:/usr/local/sbin:/usr/sbin:/opt/dell/srvadmin/sbin
++++ export PATH
++++ '[' -z '' ']'
++++ PS1=
+++ unset __conda_setup
++++ mamba shell hook --shell bash
+++ eval '
# Copyright (C) 2012 Anaconda, Inc
# SPDX-License-Identifier: BSD-3-Clause

__mamba_exe() (
    "/apps/pkg/miniforge/25.3/bin/mamba" "${@}"
)

__mamba_hashr() {
    if [ -n "${ZSH_VERSION:+x}" ]; then
        \rehash
    elif [ -n "${POSH_VERSION:+x}" ]; then
        :  # pass
    else
        \hash -r
    fi
}

__mamba_xctivate() {
    \local ask_mamba
    ask_mamba="$(PS1="${PS1:-}" __mamba_exe shell "${@}" --shell bash)" || \return
    \eval "${ask_mamba}"
    __mamba_hashr
}

__mamba_wrap() {
    \local cmd="${1-__missing__}"
    case "${cmd}" in
        activate|reactivate|deactivate)
            __mamba_xctivate "${@}"
            ;;
        install|update|upgrade|remove|uninstall)
            __mamba_exe "${@}" || \return
            __mamba_xctivate reactivate
            ;;
        self-update)
            __mamba_exe "${@}" || \return

            # remove leftover backup file on Windows
            if [ -f "/apps/pkg/miniforge/25.3/bin/mamba.bkup" ]; then
                rm -f "/apps/pkg/miniforge/25.3/bin/mamba.bkup"
            fi
            ;;
        *)
            __mamba_exe "${@}"
            ;;
    esac
}


# We need to define a function with the same name as the executable to be called by the user.
# There is no way to register it dynamically without relying on hacks or eval.
__exe_name="$(basename "/apps/pkg/miniforge/25.3/bin/mamba")"
__exe_name="${__exe_name%.*}"

case "${__exe_name}" in
    micromamba)
        micromamba() {
            __mamba_wrap "$@"
        }
        ;;
    mamba)
        mamba() {
            __mamba_wrap "$@"
        }
        ;;
    *)
        echo "Error unknown MAMBA_EXE: \"/apps/pkg/miniforge/25.3/bin/mamba\", filename must be mamba or micromamba" 1>&2
        ;;
esac


if [ -z "${CONDA_SHLVL+x}" ]; then
    \export CONDA_SHLVL=0
    \export PATH="${MAMBA_ROOT_PREFIX}/condabin:${PATH}"

    # We'\''re not allowing PS1 to be unbound. It must at least be set.
    # However, we'\''re not exporting it, which can cause problems when starting a second shell
    # via a first shell (i.e. starting zsh from bash).
    if [ -z "${PS1+x}" ]; then
        PS1=
    fi
fi

if [ -n "${ZSH_VERSION:+x}" ]; then
  if ! command -v compinit > /dev/null; then
    autoload -U +X compinit && if [[ "${ZSH_DISABLE_COMPFIX-}" = true ]]; then
      compinit -u
    else
      compinit
    fi
  fi
  autoload -U +X bashcompinit && bashcompinit

  _umamba_zsh_completions()
  {
    COMPREPLY=($(__mamba_exe completer "${(@s: :)${(@s: :)COMP_LINE}:1}"))
  }

  complete -o default -F _umamba_zsh_completions micromamba
fi
if [ -n "${BASH_VERSION:+x}" ]; then
  _umamba_bash_completions()
  {
    COMPREPLY=($(__mamba_exe completer "${COMP_WORDS[@]:1}"))
  }
  complete -o default -F _umamba_bash_completions micromamba
fi'
+++++ basename /apps/pkg/miniforge/25.3/bin/mamba
++++ __exe_name=mamba
++++ __exe_name=mamba
++++ case "${__exe_name}" in
++++ '[' -z x ']'
++++ '[' -n '' ']'
++++ '[' -n x ']'
++++ complete -o default -F _umamba_bash_completions micromamba
++ mamba activate base
++ __mamba_wrap activate base
++ local cmd=activate
++ case "${cmd}" in
++ __mamba_xctivate activate base
++ local ask_mamba
+++ PS1=
+++ __mamba_exe shell activate base --shell bash
+++ /apps/pkg/miniforge/25.3/bin/mamba shell activate base --shell bash
++ ask_mamba='PS1='\''(base) '\''
export PATH='\''/apps/pkg/miniforge/25.3/bin:/apps/pkg/miniforge/25.3/condabin:/apps/pkg/gcc/13.2.0/bin:/users/rdas6/.local/bin:/users/rdas6/bin:/usr/share/Modules/bin:/usr/local/bin:/usr/bin:/usr/local/sbin:/usr/sbin:/opt/dell/srvadmin/sbin'\''
export CONDA_PREFIX='\''/apps/pkg/miniforge/25.3'\''
export CONDA_SHLVL='\''1'\''
export CONDA_DEFAULT_ENV='\''base'\''
export CONDA_PROMPT_MODIFIER='\''(base) '\''
. "/apps/pkg/miniforge/25.3/etc/conda/activate.d/libxml2-split_activate.sh"
. "/apps/pkg/miniforge/25.3/etc/conda/activate.d/ucx-activate.sh"'
++ eval 'PS1='\''(base) '\''
export PATH='\''/apps/pkg/miniforge/25.3/bin:/apps/pkg/miniforge/25.3/condabin:/apps/pkg/gcc/13.2.0/bin:/users/rdas6/.local/bin:/users/rdas6/bin:/usr/share/Modules/bin:/usr/local/bin:/usr/bin:/usr/local/sbin:/usr/sbin:/opt/dell/srvadmin/sbin'\''
export CONDA_PREFIX='\''/apps/pkg/miniforge/25.3'\''
export CONDA_SHLVL='\''1'\''
export CONDA_DEFAULT_ENV='\''base'\''
export CONDA_PROMPT_MODIFIER='\''(base) '\''
. "/apps/pkg/miniforge/25.3/etc/conda/activate.d/libxml2-split_activate.sh"
. "/apps/pkg/miniforge/25.3/etc/conda/activate.d/ucx-activate.sh"'
+++ PS1='(base) '
+++ export PATH=/apps/pkg/miniforge/25.3/bin:/apps/pkg/miniforge/25.3/condabin:/apps/pkg/gcc/13.2.0/bin:/users/rdas6/.local/bin:/users/rdas6/bin:/usr/share/Modules/bin:/usr/local/bin:/usr/bin:/usr/local/sbin:/usr/sbin:/opt/dell/srvadmin/sbin
+++ PATH=/apps/pkg/miniforge/25.3/bin:/apps/pkg/miniforge/25.3/condabin:/apps/pkg/gcc/13.2.0/bin:/users/rdas6/.local/bin:/users/rdas6/bin:/usr/share/Modules/bin:/usr/local/bin:/usr/bin:/usr/local/sbin:/usr/sbin:/opt/dell/srvadmin/sbin
+++ export CONDA_PREFIX=/apps/pkg/miniforge/25.3
+++ CONDA_PREFIX=/apps/pkg/miniforge/25.3
+++ export CONDA_SHLVL=1
+++ CONDA_SHLVL=1
+++ export CONDA_DEFAULT_ENV=base
+++ CONDA_DEFAULT_ENV=base
+++ export 'CONDA_PROMPT_MODIFIER=(base) '
+++ CONDA_PROMPT_MODIFIER='(base) '
+++ . /apps/pkg/miniforge/25.3/etc/conda/activate.d/libxml2-split_activate.sh
++++ test -n ''
++++ xml_catalog_files_libxml2=
++++ XML_CATALOG_FILES=
++++ conda_catalog_files=
++++ ifs_libxml2=' 	
'
++++ IFS=' '
++++ rem=/apps/pkg/miniforge/25.3
++++ for pre in ${rem}
++++ test '' = /apps/pkg/miniforge/25.3
++++ conda_catalog_files=/apps/pkg/miniforge/25.3
++++ rem=
++++ IFS=' 	
'
++++ conda_catalog_files='file:///apps/pkg/miniforge/25.3/etc/xml/catalog file:///etc/xml/catalog'
++++ export 'XML_CATALOG_FILES=file:///apps/pkg/miniforge/25.3/etc/xml/catalog file:///etc/xml/catalog'
++++ XML_CATALOG_FILES='file:///apps/pkg/miniforge/25.3/etc/xml/catalog file:///etc/xml/catalog'
++++ unset conda_catalog_files ifs_libxml2 rem
+++ . /apps/pkg/miniforge/25.3/etc/conda/activate.d/ucx-activate.sh
++++ '[' '' = 1 ']'
++ __mamba_hashr
++ '[' -n '' ']'
++ '[' -n '' ']'
++ hash -r
++ mamba deactivate
++ __mamba_wrap deactivate
++ local cmd=deactivate
++ case "${cmd}" in
++ __mamba_xctivate deactivate
++ local ask_mamba
+++ PS1='(base) '
+++ __mamba_exe shell deactivate --shell bash
+++ /apps/pkg/miniforge/25.3/bin/mamba shell deactivate --shell bash
++ ask_mamba='export PATH='\''/apps/pkg/miniforge/25.3/condabin:/apps/pkg/gcc/13.2.0/bin:/users/rdas6/.local/bin:/users/rdas6/bin:/usr/share/Modules/bin:/usr/local/bin:/usr/bin:/usr/local/sbin:/usr/sbin:/opt/dell/srvadmin/sbin'\''
unset CONDA_PREFIX
unset CONDA_DEFAULT_ENV
unset CONDA_PROMPT_MODIFIER
PS1='\'''\''
export CONDA_SHLVL='\''0'\'''
++ eval 'export PATH='\''/apps/pkg/miniforge/25.3/condabin:/apps/pkg/gcc/13.2.0/bin:/users/rdas6/.local/bin:/users/rdas6/bin:/usr/share/Modules/bin:/usr/local/bin:/usr/bin:/usr/local/sbin:/usr/sbin:/opt/dell/srvadmin/sbin'\''
unset CONDA_PREFIX
unset CONDA_DEFAULT_ENV
unset CONDA_PROMPT_MODIFIER
PS1='\'''\''
export CONDA_SHLVL='\''0'\'''
+++ export PATH=/apps/pkg/miniforge/25.3/condabin:/apps/pkg/gcc/13.2.0/bin:/users/rdas6/.local/bin:/users/rdas6/bin:/usr/share/Modules/bin:/usr/local/bin:/usr/bin:/usr/local/sbin:/usr/sbin:/opt/dell/srvadmin/sbin
+++ PATH=/apps/pkg/miniforge/25.3/condabin:/apps/pkg/gcc/13.2.0/bin:/users/rdas6/.local/bin:/users/rdas6/bin:/usr/share/Modules/bin:/usr/local/bin:/usr/bin:/usr/local/sbin:/usr/sbin:/opt/dell/srvadmin/sbin
+++ unset CONDA_PREFIX
+++ unset CONDA_DEFAULT_ENV
+++ unset CONDA_PROMPT_MODIFIER
+++ PS1=
+++ export CONDA_SHLVL=0
+++ CONDA_SHLVL=0
++ __mamba_hashr
++ '[' -n '' ']'
++ '[' -n '' ']'
++ hash -r
++ mamba activate python-3.12.3
++ __mamba_wrap activate python-3.12.3
++ local cmd=activate
++ case "${cmd}" in
++ __mamba_xctivate activate python-3.12.3
++ local ask_mamba
+++ PS1=
+++ __mamba_exe shell activate python-3.12.3 --shell bash
+++ /apps/pkg/miniforge/25.3/bin/mamba shell activate python-3.12.3 --shell bash
++ ask_mamba='PS1='\''(python-3.12.3) '\''
export PATH='\''/apps/pkg/conda/envs/python-3.12.3/bin:/apps/pkg/miniforge/25.3/condabin:/apps/pkg/gcc/13.2.0/bin:/users/rdas6/.local/bin:/users/rdas6/bin:/usr/share/Modules/bin:/usr/local/bin:/usr/bin:/usr/local/sbin:/usr/sbin:/opt/dell/srvadmin/sbin'\''
export CONDA_PREFIX='\''/apps/pkg/conda/envs/python-3.12.3'\''
export CONDA_SHLVL='\''1'\''
export CONDA_DEFAULT_ENV='\''python-3.12.3'\''
export CONDA_PROMPT_MODIFIER='\''(python-3.12.3) '\''
. "/apps/pkg/conda/envs/python-3.12.3/etc/conda/activate.d/libxml2_activate.sh"'
++ eval 'PS1='\''(python-3.12.3) '\''
export PATH='\''/apps/pkg/conda/envs/python-3.12.3/bin:/apps/pkg/miniforge/25.3/condabin:/apps/pkg/gcc/13.2.0/bin:/users/rdas6/.local/bin:/users/rdas6/bin:/usr/share/Modules/bin:/usr/local/bin:/usr/bin:/usr/local/sbin:/usr/sbin:/opt/dell/srvadmin/sbin'\''
export CONDA_PREFIX='\''/apps/pkg/conda/envs/python-3.12.3'\''
export CONDA_SHLVL='\''1'\''
export CONDA_DEFAULT_ENV='\''python-3.12.3'\''
export CONDA_PROMPT_MODIFIER='\''(python-3.12.3) '\''
. "/apps/pkg/conda/envs/python-3.12.3/etc/conda/activate.d/libxml2_activate.sh"'
+++ PS1='(python-3.12.3) '
+++ export PATH=/apps/pkg/conda/envs/python-3.12.3/bin:/apps/pkg/miniforge/25.3/condabin:/apps/pkg/gcc/13.2.0/bin:/users/rdas6/.local/bin:/users/rdas6/bin:/usr/share/Modules/bin:/usr/local/bin:/usr/bin:/usr/local/sbin:/usr/sbin:/opt/dell/srvadmin/sbin
+++ PATH=/apps/pkg/conda/envs/python-3.12.3/bin:/apps/pkg/miniforge/25.3/condabin:/apps/pkg/gcc/13.2.0/bin:/users/rdas6/.local/bin:/users/rdas6/bin:/usr/share/Modules/bin:/usr/local/bin:/usr/bin:/usr/local/sbin:/usr/sbin:/opt/dell/srvadmin/sbin
+++ export CONDA_PREFIX=/apps/pkg/conda/envs/python-3.12.3
+++ CONDA_PREFIX=/apps/pkg/conda/envs/python-3.12.3
+++ export CONDA_SHLVL=1
+++ CONDA_SHLVL=1
+++ export CONDA_DEFAULT_ENV=python-3.12.3
+++ CONDA_DEFAULT_ENV=python-3.12.3
+++ export 'CONDA_PROMPT_MODIFIER=(python-3.12.3) '
+++ CONDA_PROMPT_MODIFIER='(python-3.12.3) '
+++ . /apps/pkg/conda/envs/python-3.12.3/etc/conda/activate.d/libxml2_activate.sh
++++ test -n 'file:///apps/pkg/miniforge/25.3/etc/xml/catalog file:///etc/xml/catalog'
++++ xml_catalog_files_libxml2='file:///apps/pkg/miniforge/25.3/etc/xml/catalog file:///etc/xml/catalog'
++++ XML_CATALOG_FILES='file:///apps/pkg/miniforge/25.3/etc/xml/catalog file:///etc/xml/catalog '
++++ conda_catalog_files=
++++ ifs_libxml2=' 	
'
++++ IFS=' '
++++ rem=/apps/pkg/conda/envs/python-3.12.3
++++ for pre in ${rem}
++++ test '' = /apps/pkg/conda/envs/python-3.12.3
++++ conda_catalog_files=/apps/pkg/conda/envs/python-3.12.3
++++ rem=
++++ IFS=' 	
'
++++ conda_catalog_files='file:///apps/pkg/conda/envs/python-3.12.3/etc/xml/catalog file:///etc/xml/catalog'
++++ export 'XML_CATALOG_FILES=file:///apps/pkg/miniforge/25.3/etc/xml/catalog file:///etc/xml/catalog file:///apps/pkg/conda/envs/python-3.12.3/etc/xml/catalog file:///etc/xml/catalog'
++++ XML_CATALOG_FILES='file:///apps/pkg/miniforge/25.3/etc/xml/catalog file:///etc/xml/catalog file:///apps/pkg/conda/envs/python-3.12.3/etc/xml/catalog file:///etc/xml/catalog'
++++ unset conda_catalog_files ifs_libxml2 rem
++ __mamba_hashr
++ '[' -n '' ']'
++ '[' -n '' ']'
++ hash -r
++ test 0
+ _mlstatus=0
+ return 0
+ source /users/rdas6/.ns3env
++ export NS3_DIR=/users/rdas6/ns-allinone-3.40/ns-3.40
++ NS3_DIR=/users/rdas6/ns-allinone-3.40/ns-3.40
+ '[' -z /users/rdas6/ns-allinone-3.40/ns-3.40 ']'
+ echo NS3_DIR=/users/rdas6/ns-allinone-3.40/ns-3.40
NS3_DIR=/users/rdas6/ns-allinone-3.40/ns-3.40
+ set -euo pipefail
+ REPO_ROOT=/users/rdas6/NetworkingProject
+ PARAMS=/users/rdas6/NetworkingProject/experiments/params/parameters.csv
+ '[' '!' -f /users/rdas6/NetworkingProject/experiments/params/parameters.csv ']'
+ LINE_NUM=14
++ awk -v i=14 NR==i /users/rdas6/NetworkingProject/experiments/params/parameters.csv
+ ROW=012,TcpBbr,1,50,0.5,1
+ '[' -z 012,TcpBbr,1,50,0.5,1 ']'
+ IFS=,
+ read -r runId algo bwMbps rttMs bufMult nFlows
+ mkdir -p /users/rdas6/NetworkingProject/experiments/results/raw
+ OUT=/users/rdas6/NetworkingProject/experiments/results/raw/run_012.json
+ cd /users/rdas6/ns-allinone-3.40/ns-3.40
+ set +o pipefail
++ head -n1
++ find build/scratch -maxdepth 3 -type f -name '*tcp-dumbbell*' -executable
+ BIN=build/scratch/ns3.40-tcp-dumbbell-optimized
+ set -o pipefail
+ '[' -z build/scratch/ns3.40-tcp-dumbbell-optimized ']'
+ '[' '!' -x build/scratch/ns3.40-tcp-dumbbell-optimized ']'
+ echo 'Using binary: build/scratch/ns3.40-tcp-dumbbell-optimized'
Using binary: build/scratch/ns3.40-tcp-dumbbell-optimized
+ build/scratch/ns3.40-tcp-dumbbell-optimized --algo=ns3::TcpBbr --bwMbps=1 --rttMs=50 --bufferBdpMult=0.5 --nFlows=1 --simSec=60 --warmupSec=5 --runId=012 --outPath=/users/rdas6/NetworkingProject/experiments/results/raw/run_012.json
